app/build/intermediates/manifest_merge_blame_file/release/manifest-merger-blame-release-report.txt
1<?xml version="1.0" encoding="utf-8"?>
2<manifest xmlns:android="http://schemas.android.com/apk/res/android"
3    package="com.nebulacompanies.ibo.shoppy"
4    android:versionCode="19"
5    android:versionName="1.0.18" >
6
7    <uses-sdk
8        android:minSdkVersion="21"
8-->src\main\AndroidManifest.xml
9        android:targetSdkVersion="30" />
9-->src\main\AndroidManifest.xml
10
11    <uses-permission android:name="android.permission.ACCESS_FINE_LOCATION" />
11-->src\main\AndroidManifest.xml:6:5-79
11-->src\main\AndroidManifest.xml:6:22-76
12    <uses-permission android:name="android.permission.INTERNET" />
12-->src\main\AndroidManifest.xml:7:5-67
12-->src\main\AndroidManifest.xml:7:22-64
13    <uses-permission android:name="android.permission.ACCESS_NETWORK_STATE" />
13-->src\main\AndroidManifest.xml:8:5-79
13-->src\main\AndroidManifest.xml:8:22-76
14    <uses-permission android:name="android.permission.MEDIA_CONTENT_CONTROL" />
14-->src\main\AndroidManifest.xml:9:5-11:47
14-->src\main\AndroidManifest.xml:10:9-64
15    <uses-permission android:name="android.permission.READ_EXTERNAL_STORAGE" />
15-->src\main\AndroidManifest.xml:12:5-80
15-->src\main\AndroidManifest.xml:12:22-77
16    <uses-permission android:name="android.permission.READ_INTERNAL_STORAGE" />
16-->src\main\AndroidManifest.xml:13:5-80
16-->src\main\AndroidManifest.xml:13:22-77
17    <uses-permission android:name="android.permission.WRITE_EXTERNAL_STORAGE" />
17-->src\main\AndroidManifest.xml:14:5-81
17-->src\main\AndroidManifest.xml:14:22-78
18    <uses-permission android:name="android.permission.WRITE_INTERNAL_STORAGE" />
18-->src\main\AndroidManifest.xml:15:5-81
18-->src\main\AndroidManifest.xml:15:22-78
19    <uses-permission android:name="android.permission.ACCESS_ALL_DOWNLOADS" />
19-->src\main\AndroidManifest.xml:16:5-79
19-->src\main\AndroidManifest.xml:16:22-76
20    <uses-permission android:name="android.permission.ACCESS_COARSE_LOCATION" />
20-->src\main\AndroidManifest.xml:17:5-81
20-->src\main\AndroidManifest.xml:17:22-78
21    <uses-permission android:name="android.permission.CALL_PHONE" />
21-->src\main\AndroidManifest.xml:18:5-69
21-->src\main\AndroidManifest.xml:18:22-66
22    <uses-permission android:name="android.permission.READ_PHONE_STATE" />
22-->src\main\AndroidManifest.xml:19:5-75
22-->src\main\AndroidManifest.xml:19:22-72
23    <uses-permission android:name="android.permission.READ_PROFILE" />
23-->src\main\AndroidManifest.xml:20:5-71
23-->src\main\AndroidManifest.xml:20:22-68
24    <uses-permission android:name="android.permission.CAMERA" />
24-->src\main\AndroidManifest.xml:21:5-65
24-->src\main\AndroidManifest.xml:21:22-62
25    <uses-permission android:name="android.permission.CHANGE_NETWORK_STATE" />
25-->src\main\AndroidManifest.xml:22:5-79
25-->src\main\AndroidManifest.xml:22:22-76
26
27    <uses-feature
27-->src\main\AndroidManifest.xml:24:5-26:35
28        android:name="android.hardware.camera"
28-->src\main\AndroidManifest.xml:25:9-47
29        android:required="true" />
29-->src\main\AndroidManifest.xml:26:9-32
30    <uses-feature
30-->src\main\AndroidManifest.xml:27:5-29:36
31        android:name="android.hardware.camera.autofocus"
31-->src\main\AndroidManifest.xml:28:9-57
32        android:required="false" />
32-->src\main\AndroidManifest.xml:29:9-33
33
34    <uses-permission android:name="android.permission.RECEIVE_BOOT_COMPLETED" />
34-->src\main\AndroidManifest.xml:31:5-81
34-->src\main\AndroidManifest.xml:31:22-78
35    <uses-permission android:name="android.permission.WAKE_LOCK" />
35-->src\main\AndroidManifest.xml:32:5-68
35-->src\main\AndroidManifest.xml:32:22-65
36
37    <queries>
37-->[com.paytm.appinvokesdk:appinvokesdk:1.6.5] AndroidManifest.xml:9:5-20:15
38
39        <!-- Specific apps you interact with, eg: -->
40        <package android:name="com.paytm.pgsdk.TransactionManager.PAYTM_APP_PACKAGE" />
40-->[com.paytm.appinvokesdk:appinvokesdk:1.6.5] AndroidManifest.xml:12:9-88
40-->[com.paytm.appinvokesdk:appinvokesdk:1.6.5] AndroidManifest.xml:12:18-85
41        <!--
42             Specific intents you query for,
43             eg: for a custom share UI
44        -->
45        <intent>
45-->[com.paytm.appinvokesdk:appinvokesdk:1.6.5] AndroidManifest.xml:17:9-19:18
46            <action android:name="android.intent.action.MAIN" />
46-->src\main\AndroidManifest.xml:106:17-69
46-->src\main\AndroidManifest.xml:106:25-66
47        </intent>
48
49        <package android:name="in.amazon.mShop.android.shopping" />
49-->[in.payu:upisdk:1.5.3] AndroidManifest.xml:15:9-68
49-->[in.payu:upisdk:1.5.3] AndroidManifest.xml:15:18-65
50        <package android:name="com.upi.axispay" />
50-->[in.payu:upisdk:1.5.3] AndroidManifest.xml:16:9-51
50-->[in.payu:upisdk:1.5.3] AndroidManifest.xml:16:18-48
51        <package android:name="com.axis.mobile" />
51-->[in.payu:upisdk:1.5.3] AndroidManifest.xml:17:9-51
51-->[in.payu:upisdk:1.5.3] AndroidManifest.xml:17:18-48
52        <package android:name="com.fisglobal.bandhanupi.app" />
52-->[in.payu:upisdk:1.5.3] AndroidManifest.xml:18:9-64
52-->[in.payu:upisdk:1.5.3] AndroidManifest.xml:18:18-61
53        <package android:name="com.bankofbaroda.upi" />
53-->[in.payu:upisdk:1.5.3] AndroidManifest.xml:19:9-56
53-->[in.payu:upisdk:1.5.3] AndroidManifest.xml:19:18-53
54        <package android:name="in.org.npci.upiapp" />
54-->[in.payu:upisdk:1.5.3] AndroidManifest.xml:20:9-54
54-->[in.payu:upisdk:1.5.3] AndroidManifest.xml:20:18-51
55        <package android:name="com.canarabank.mobility" />
55-->[in.payu:upisdk:1.5.3] AndroidManifest.xml:21:9-59
55-->[in.payu:upisdk:1.5.3] AndroidManifest.xml:21:18-56
56        <package android:name="com.citiuat" />
56-->[in.payu:upisdk:1.5.3] AndroidManifest.xml:22:9-47
56-->[in.payu:upisdk:1.5.3] AndroidManifest.xml:22:18-44
57        <package android:name="com.dbs.in.digitalbank" />
57-->[in.payu:upisdk:1.5.3] AndroidManifest.xml:23:9-58
57-->[in.payu:upisdk:1.5.3] AndroidManifest.xml:23:18-55
58        <package android:name="com.olive.dcb.upi" />
58-->[in.payu:upisdk:1.5.3] AndroidManifest.xml:24:9-53
58-->[in.payu:upisdk:1.5.3] AndroidManifest.xml:24:18-50
59        <package android:name="com.finopaytech.bpayfino" />
59-->[in.payu:upisdk:1.5.3] AndroidManifest.xml:25:9-60
59-->[in.payu:upisdk:1.5.3] AndroidManifest.xml:25:18-57
60        <package android:name="com.freecharge.android" />
60-->[in.payu:upisdk:1.5.3] AndroidManifest.xml:26:9-58
60-->[in.payu:upisdk:1.5.3] AndroidManifest.xml:26:18-55
61        <package android:name="com.google.android.apps.nbu.paisa.user" />
61-->[in.payu:upisdk:1.5.3] AndroidManifest.xml:27:9-74
61-->[in.payu:upisdk:1.5.3] AndroidManifest.xml:27:18-71
62        <package android:name="com.snapwork.hdfc" />
62-->[in.payu:upisdk:1.5.3] AndroidManifest.xml:28:9-53
62-->[in.payu:upisdk:1.5.3] AndroidManifest.xml:28:18-50
63        <package android:name="com.mgs.hsbcupi" />
63-->[in.payu:upisdk:1.5.3] AndroidManifest.xml:29:9-51
63-->[in.payu:upisdk:1.5.3] AndroidManifest.xml:29:18-48
64        <package android:name="com.csam.icici.bank.imobile" />
64-->[in.payu:upisdk:1.5.3] AndroidManifest.xml:30:9-63
64-->[in.payu:upisdk:1.5.3] AndroidManifest.xml:30:18-60
65        <package android:name="com.icicibank.pockets" />
65-->[in.payu:upisdk:1.5.3] AndroidManifest.xml:31:9-57
65-->[in.payu:upisdk:1.5.3] AndroidManifest.xml:31:18-54
66        <package android:name="com.euronet.iobupi" />
66-->[in.payu:upisdk:1.5.3] AndroidManifest.xml:32:9-54
66-->[in.payu:upisdk:1.5.3] AndroidManifest.xml:32:18-51
67        <package android:name="com.mgs.induspsp" />
67-->[in.payu:upisdk:1.5.3] AndroidManifest.xml:33:9-52
67-->[in.payu:upisdk:1.5.3] AndroidManifest.xml:33:18-49
68        <package android:name="com.fss.jnkpsp" />
68-->[in.payu:upisdk:1.5.3] AndroidManifest.xml:34:9-50
68-->[in.payu:upisdk:1.5.3] AndroidManifest.xml:34:18-47
69        <package android:name="com.jio.myjio" />
69-->[in.payu:upisdk:1.5.3] AndroidManifest.xml:35:9-49
69-->[in.payu:upisdk:1.5.3] AndroidManifest.xml:35:18-46
70        <package android:name="com.mycompany.kvb" />
70-->[in.payu:upisdk:1.5.3] AndroidManifest.xml:36:9-53
70-->[in.payu:upisdk:1.5.3] AndroidManifest.xml:36:18-50
71        <package android:name="com.kvb.mobilebanking" />
71-->[in.payu:upisdk:1.5.3] AndroidManifest.xml:37:9-57
71-->[in.payu:upisdk:1.5.3] AndroidManifest.xml:37:18-54
72        <package android:name="com.lcode.smartz" />
72-->[in.payu:upisdk:1.5.3] AndroidManifest.xml:38:9-52
72-->[in.payu:upisdk:1.5.3] AndroidManifest.xml:38:18-49
73        <package android:name="com.msf.kbank.mobile" />
73-->[in.payu:upisdk:1.5.3] AndroidManifest.xml:39:9-56
73-->[in.payu:upisdk:1.5.3] AndroidManifest.xml:39:18-53
74        <package android:name="com.upi.federalbank.org.lotza" />
74-->[in.payu:upisdk:1.5.3] AndroidManifest.xml:40:9-65
74-->[in.payu:upisdk:1.5.3] AndroidManifest.xml:40:18-62
75        <package android:name="com.infrasofttech.mahaupi" />
75-->[in.payu:upisdk:1.5.3] AndroidManifest.xml:41:9-61
75-->[in.payu:upisdk:1.5.3] AndroidManifest.xml:41:18-58
76        <package android:name="com.mipay.in.wallet" />
76-->[in.payu:upisdk:1.5.3] AndroidManifest.xml:42:9-55
76-->[in.payu:upisdk:1.5.3] AndroidManifest.xml:42:18-52
77        <package android:name="com.myairtelapp" />
77-->[in.payu:upisdk:1.5.3] AndroidManifest.xml:43:9-51
77-->[in.payu:upisdk:1.5.3] AndroidManifest.xml:43:18-48
78        <package android:name="com.mobikwik_new" />
78-->[in.payu:upisdk:1.5.3] AndroidManifest.xml:44:9-52
78-->[in.payu:upisdk:1.5.3] AndroidManifest.xml:44:18-49
79        <package android:name="com.onymy.paybee.prod" />
79-->[in.payu:upisdk:1.5.3] AndroidManifest.xml:45:9-57
79-->[in.payu:upisdk:1.5.3] AndroidManifest.xml:45:18-54
80        <package android:name="net.one97.paytm" />
80-->[in.payu:upisdk:1.5.3] AndroidManifest.xml:46:9-51
80-->[in.payu:upisdk:1.5.3] AndroidManifest.xml:46:18-48
81        <package android:name="com.phonepe.app" />
81-->[in.payu:upisdk:1.5.3] AndroidManifest.xml:47:9-51
81-->[in.payu:upisdk:1.5.3] AndroidManifest.xml:47:18-48
82        <package android:name="com.Version1" />
82-->[in.payu:upisdk:1.5.3] AndroidManifest.xml:48:9-48
82-->[in.payu:upisdk:1.5.3] AndroidManifest.xml:48:18-45
83        <package android:name="com.samsung.android.spay" />
83-->[in.payu:upisdk:1.5.3] AndroidManifest.xml:49:9-60
83-->[in.payu:upisdk:1.5.3] AndroidManifest.xml:49:18-57
84        <package android:name="com.sbi.upi" />
84-->[in.payu:upisdk:1.5.3] AndroidManifest.xml:50:9-47
84-->[in.payu:upisdk:1.5.3] AndroidManifest.xml:50:18-44
85        <package android:name="com.SIBMobile" />
85-->[in.payu:upisdk:1.5.3] AndroidManifest.xml:51:9-49
85-->[in.payu:upisdk:1.5.3] AndroidManifest.xml:51:18-46
86        <package android:name="com.truecaller" />
86-->[in.payu:upisdk:1.5.3] AndroidManifest.xml:52:9-50
86-->[in.payu:upisdk:1.5.3] AndroidManifest.xml:52:18-47
87        <package android:name="com.infrasoft.uboi" />
87-->[in.payu:upisdk:1.5.3] AndroidManifest.xml:53:9-54
87-->[in.payu:upisdk:1.5.3] AndroidManifest.xml:53:18-51
88        <package android:name="com.lcode.ucoupi" />
88-->[in.payu:upisdk:1.5.3] AndroidManifest.xml:54:9-52
88-->[in.payu:upisdk:1.5.3] AndroidManifest.xml:54:18-49
89        <package android:name="com.YesBank" />
89-->[in.payu:upisdk:1.5.3] AndroidManifest.xml:55:9-47
89-->[in.payu:upisdk:1.5.3] AndroidManifest.xml:55:18-44
90        <package android:name="com.dreamplug.androidapp" />
90-->[in.payu:upisdk:1.5.3] AndroidManifest.xml:56:9-60
90-->[in.payu:upisdk:1.5.3] AndroidManifest.xml:56:18-57
91        <package android:name="money.bullet" /> <!-- Needs to be explicitly declared on Android R+ -->
91-->[in.payu:upisdk:1.5.3] AndroidManifest.xml:57:9-48
91-->[in.payu:upisdk:1.5.3] AndroidManifest.xml:57:18-45
92        <package android:name="com.google.android.apps.maps" />
92-->[com.google.android.gms:play-services-maps:17.0.1] AndroidManifest.xml:33:9-64
92-->[com.google.android.gms:play-services-maps:17.0.1] AndroidManifest.xml:33:18-61
93
94        <intent>
94-->[androidx.media:media:1.4.1] AndroidManifest.xml:25:9-27:18
95            <action android:name="android.media.browse.MediaBrowserService" />
95-->[androidx.media:media:1.4.1] AndroidManifest.xml:26:13-79
95-->[androidx.media:media:1.4.1] AndroidManifest.xml:26:21-76
96        </intent>
97    </queries>
98
99    <uses-permission android:name="android.permission.ACCESS_WIFI_STATE" /> <!-- Required by older versions of Google Play services to create GCM registration tokens -->
99-->[in.payu:payu-checkout-pro-ui:1.8.1] AndroidManifest.xml:13:5-76
99-->[in.payu:payu-checkout-pro-ui:1.8.1] AndroidManifest.xml:13:22-73
100    <uses-permission android:name="com.google.android.c2dm.permission.RECEIVE" />
100-->[com.google.android.gms:play-services-gcm:17.0.0] AndroidManifest.xml:23:5-82
100-->[com.google.android.gms:play-services-gcm:17.0.0] AndroidManifest.xml:23:22-79
101
102    <uses-feature
102-->[com.google.android.gms:play-services-maps:17.0.1] AndroidManifest.xml:26:5-28:35
103        android:glEsVersion="0x00020000"
103-->[com.google.android.gms:play-services-maps:17.0.1] AndroidManifest.xml:27:9-41
104        android:required="true" />
104-->[com.google.android.gms:play-services-maps:17.0.1] AndroidManifest.xml:28:9-32
105
106    <uses-permission android:name="com.google.android.finsky.permission.BIND_GET_INSTALL_REFERRER_SERVICE" /> <!-- Permission will be merged into the manifest of the hosting app. -->
106-->[com.google.android.gms:play-services-measurement:19.0.1] AndroidManifest.xml:26:5-110
106-->[com.google.android.gms:play-services-measurement:19.0.1] AndroidManifest.xml:26:22-107
107    <!-- Is required to launch foreground extraction service for targetSdkVersion 28+. -->
108    <uses-permission android:name="android.permission.FOREGROUND_SERVICE" />
108-->[com.google.android.play:core:1.10.2] AndroidManifest.xml:13:5-77
108-->[com.google.android.play:core:1.10.2] AndroidManifest.xml:13:22-74
109
110    <application
110-->src\main\AndroidManifest.xml:34:5-349:19
111        android:name="com.nebulacompanies.ibo.IBOBackOffice"
111-->src\main\AndroidManifest.xml:35:9-61
112        android:allowBackup="false"
112-->src\main\AndroidManifest.xml:36:9-36
113        android:appComponentFactory="androidx.core.app.CoreComponentFactory"
113-->[androidx.core:core:1.6.0] AndroidManifest.xml:24:18-86
114        android:debuggable="false"
114-->src\main\AndroidManifest.xml:37:9-35
115        android:hardwareAccelerated="true"
115-->src\main\AndroidManifest.xml:38:9-43
116        android:icon="@drawable/app_logo"
116-->src\main\AndroidManifest.xml:39:9-42
117        android:label="@string/app_name"
117-->src\main\AndroidManifest.xml:40:9-41
118        android:largeHeap="true"
118-->src\main\AndroidManifest.xml:41:9-33
119        android:requestLegacyExternalStorage="true"
119-->src\main\AndroidManifest.xml:42:9-52
120        android:supportsRtl="true"
120-->src\main\AndroidManifest.xml:43:9-35
121        android:theme="@style/AppTheme"
121-->src\main\AndroidManifest.xml:44:9-40
122        android:usesCleartextTraffic="true" >
122-->src\main\AndroidManifest.xml:45:9-44
123
124        <!--
125             The API key for Google Maps-based APIs is defined as a string resource.
126             (See the file "res/values/google_maps_api.xml").
127             Note that the API key is linked to the encryption key used to sign the APK.
128             You need a different API key for each encryption key, including the release key that is used to
129             sign the APK for publishing.
130             You can define the keys for the debug and release targets in src/debug/ and src/release/.
131        -->
132        <meta-data
132-->src\main\AndroidManifest.xml:57:9-59:55
133            android:name="com.google.android.geo.API_KEY"
133-->src\main\AndroidManifest.xml:58:13-58
134            android:value="@string/google_maps_key" />
134-->src\main\AndroidManifest.xml:59:13-52
135
136        <provider
137            android:name="androidx.core.content.FileProvider"
137-->src\main\AndroidManifest.xml:62:13-62
138            android:authorities="com.nebulacompanies.ibo.shoppy.fileprovider"
138-->src\main\AndroidManifest.xml:63:13-78
139            android:exported="false"
139-->src\main\AndroidManifest.xml:64:13-37
140            android:grantUriPermissions="true" >
140-->src\main\AndroidManifest.xml:65:13-47
141            <meta-data
141-->src\main\AndroidManifest.xml:67:13-70:52
142                android:name="android.support.FILE_PROVIDER_PATHS"
142-->src\main\AndroidManifest.xml:68:17-67
143                android:resource="@xml/file_paths" />
143-->src\main\AndroidManifest.xml:69:17-51
144        </provider>
145
146        <receiver
146-->src\main\AndroidManifest.xml:73:9-81:20
147            android:name="com.nebulacompanies.ibo.util.NetworkChangeReceiver"
147-->src\main\AndroidManifest.xml:74:13-78
148            android:label="NetworkChangeReceiver" >
148-->src\main\AndroidManifest.xml:75:13-50
149            <intent-filter>
149-->src\main\AndroidManifest.xml:76:13-80:29
150                <action android:name="android.intent.action.MANAGE_NETWORK_USAGE" />
150-->src\main\AndroidManifest.xml:77:17-85
150-->src\main\AndroidManifest.xml:77:25-82
151                <action android:name="android.net.conn.CONNECTIVITY_CHANGE" />
151-->src\main\AndroidManifest.xml:78:17-79
151-->src\main\AndroidManifest.xml:78:25-76
152                <action android:name="android.net.wifi.WIFI_STATE_CHANGED" />
152-->src\main\AndroidManifest.xml:79:17-78
152-->src\main\AndroidManifest.xml:79:25-75
153            </intent-filter>
154        </receiver>
155        <receiver
155-->src\main\AndroidManifest.xml:82:9-88:20
156            android:name="com.nebulacompanies.ibo.sms.SmsBroadcastReceiver"
156-->src\main\AndroidManifest.xml:83:13-76
157            android:exported="true" >
157-->src\main\AndroidManifest.xml:84:13-36
158            <intent-filter>
158-->src\main\AndroidManifest.xml:85:13-87:29
159                <action android:name="com.google.android.gms.auth.api.phone.SMS_RETRIEVE" />
159-->src\main\AndroidManifest.xml:86:17-93
159-->src\main\AndroidManifest.xml:86:25-90
160            </intent-filter>
161        </receiver>
162        <!--
163               <activity
164                android:name="com.nebulacompanies.ibo.activities.PdfUploader"
165                android:configChanges="keyboard|keyboardHidden|screenSize"
166                android:windowSoftInputMode="stateUnchanged|adjustResize|stateHidden|stateAlwaysHidden">
167                <intent-filter>
168                    <action android:name="android.intent.action.MAIN" />
169                    <action android:name="android.intent.action.VIEW" />
170
171                    <category android:name="android.intent.category.LAUNCHER" />
172                </intent-filter>
173            </activity>
174        -->
175        <activity
175-->src\main\AndroidManifest.xml:100:9-111:20
176            android:name="com.nebulacompanies.ibo.activities.StartUp"
176-->src\main\AndroidManifest.xml:101:13-70
177            android:configChanges="keyboard|keyboardHidden|screenSize"
177-->src\main\AndroidManifest.xml:102:13-71
178            android:noHistory="true"
178-->src\main\AndroidManifest.xml:103:13-37
179            android:windowSoftInputMode="stateUnchanged|adjustResize|stateHidden|stateAlwaysHidden" >
179-->src\main\AndroidManifest.xml:104:13-100
180            <intent-filter>
180-->src\main\AndroidManifest.xml:105:13-110:29
181                <action android:name="android.intent.action.MAIN" />
181-->src\main\AndroidManifest.xml:106:17-69
181-->src\main\AndroidManifest.xml:106:25-66
182                <action android:name="android.intent.action.VIEW" />
182-->src\main\AndroidManifest.xml:107:17-69
182-->src\main\AndroidManifest.xml:107:25-66
183
184                <category android:name="android.intent.category.LAUNCHER" />
184-->src\main\AndroidManifest.xml:109:17-77
184-->src\main\AndroidManifest.xml:109:27-74
185            </intent-filter>
186        </activity>
187        <!--
188           <activity
189               android:name="com.nebulacompanies.ibo.activities.TempActivity"
190               android:configChanges="keyboard|keyboardHidden|screenSize"
191               android:windowSoftInputMode="stateUnchanged|adjustResize|stateHidden|stateAlwaysHidden">
192               <intent-filter>
193                   <action android:name="android.intent.action.MAIN" />
194                   <action android:name="android.intent.action.VIEW" />
195
196                   <category android:name="android.intent.category.LAUNCHER" />
197               </intent-filter>
198           </activity>
199        -->
200        <uses-library
200-->src\main\AndroidManifest.xml:123:9-125:40
201            android:name="org.apache.http.legacy"
201-->src\main\AndroidManifest.xml:124:13-50
202            android:required="false" />
202-->src\main\AndroidManifest.xml:125:13-37
203
204        <activity
204-->src\main\AndroidManifest.xml:127:9-130:52
205            android:name="com.nebulacompanies.ibo.ecom.ShowFullScreenAttachment"
205-->src\main\AndroidManifest.xml:128:13-81
206            android:configChanges="keyboard|keyboardHidden|screenSize"
206-->src\main\AndroidManifest.xml:129:13-71
207            android:screenOrientation="portrait" />
207-->src\main\AndroidManifest.xml:130:13-49
208        <activity
208-->src\main\AndroidManifest.xml:131:9-135:57
209            android:name="com.nebulacompanies.ibo.activities.ShoppyHomeScreen"
209-->src\main\AndroidManifest.xml:132:13-79
210            android:configChanges="keyboard|keyboardHidden|orientation|screenSize"
210-->src\main\AndroidManifest.xml:133:13-83
211            android:screenOrientation="portrait"
211-->src\main\AndroidManifest.xml:134:13-49
212            android:windowSoftInputMode="stateHidden" />
212-->src\main\AndroidManifest.xml:135:13-54
213        <activity
213-->src\main\AndroidManifest.xml:136:9-140:57
214            android:name="com.nebulacompanies.ibo.activities.SalesHistoryActivity"
214-->src\main\AndroidManifest.xml:137:13-83
215            android:configChanges="keyboard|keyboardHidden|orientation|screenSize"
215-->src\main\AndroidManifest.xml:138:13-83
216            android:screenOrientation="portrait"
216-->src\main\AndroidManifest.xml:139:13-49
217            android:windowSoftInputMode="stateHidden" />
217-->src\main\AndroidManifest.xml:140:13-54
218        <activity
218-->src\main\AndroidManifest.xml:141:9-147:57
219            android:name="com.nebulacompanies.ibo.ecom.ViewSaleHistoryActivity"
219-->src\main\AndroidManifest.xml:142:13-80
220            android:configChanges="keyboard|keyboardHidden|orientation|screenSize"
220-->src\main\AndroidManifest.xml:143:13-83
221            android:screenOrientation="portrait"
221-->src\main\AndroidManifest.xml:144:13-49
222            android:theme="@style/StartUp"
222-->src\main\AndroidManifest.xml:145:13-43
223            android:windowSoftInputMode="stateHidden" />
223-->src\main\AndroidManifest.xml:147:13-54
224        <activity
224-->src\main\AndroidManifest.xml:148:9-152:57
225            android:name="com.nebulacompanies.ibo.activities.SellProductsActivity"
225-->src\main\AndroidManifest.xml:149:13-83
226            android:configChanges="keyboard|keyboardHidden|orientation|screenSize"
226-->src\main\AndroidManifest.xml:150:13-83
227            android:screenOrientation="portrait"
227-->src\main\AndroidManifest.xml:151:13-49
228            android:windowSoftInputMode="stateHidden" />
228-->src\main\AndroidManifest.xml:152:13-54
229        <activity
229-->src\main\AndroidManifest.xml:153:9-157:57
230            android:name="com.nebulacompanies.ibo.activities.ConfirmSellActivity"
230-->src\main\AndroidManifest.xml:154:13-82
231            android:configChanges="keyboard|keyboardHidden|orientation|screenSize"
231-->src\main\AndroidManifest.xml:155:13-83
232            android:screenOrientation="portrait"
232-->src\main\AndroidManifest.xml:156:13-49
233            android:windowSoftInputMode="stateHidden" />
233-->src\main\AndroidManifest.xml:157:13-54
234        <activity
234-->src\main\AndroidManifest.xml:158:9-162:57
235            android:name="com.nebulacompanies.ibo.activities.OrderListActivity"
235-->src\main\AndroidManifest.xml:159:13-80
236            android:configChanges="keyboard|keyboardHidden|orientation|screenSize"
236-->src\main\AndroidManifest.xml:160:13-83
237            android:screenOrientation="portrait"
237-->src\main\AndroidManifest.xml:161:13-49
238            android:windowSoftInputMode="stateHidden" />
238-->src\main\AndroidManifest.xml:162:13-54
239        <activity
239-->src\main\AndroidManifest.xml:163:9-168:57
240            android:name="com.nebulacompanies.ibo.activities.MyInventoryActivity"
240-->src\main\AndroidManifest.xml:164:13-82
241            android:configChanges="keyboard|keyboardHidden|orientation|screenSize"
241-->src\main\AndroidManifest.xml:165:13-83
242            android:screenOrientation="portrait"
242-->src\main\AndroidManifest.xml:166:13-49
243            android:theme="@style/StartUp"
243-->src\main\AndroidManifest.xml:167:13-43
244            android:windowSoftInputMode="stateHidden" />
244-->src\main\AndroidManifest.xml:168:13-54
245        <activity
245-->src\main\AndroidManifest.xml:169:9-173:57
246            android:name="com.nebulacompanies.ibo.activities.RegistrationActivityWebview"
246-->src\main\AndroidManifest.xml:170:13-90
247            android:configChanges="keyboard|keyboardHidden|orientation|screenSize"
247-->src\main\AndroidManifest.xml:171:13-83
248            android:screenOrientation="portrait"
248-->src\main\AndroidManifest.xml:172:13-49
249            android:windowSoftInputMode="stateHidden" />
249-->src\main\AndroidManifest.xml:173:13-54
250        <activity
250-->src\main\AndroidManifest.xml:174:9-178:57
251            android:name="com.nebulacompanies.ibo.activities.HomeStoreDetailsActivity"
251-->src\main\AndroidManifest.xml:175:13-87
252            android:configChanges="keyboard|keyboardHidden|orientation|screenSize"
252-->src\main\AndroidManifest.xml:176:13-83
253            android:screenOrientation="portrait"
253-->src\main\AndroidManifest.xml:177:13-49
254            android:windowSoftInputMode="stateHidden" />
254-->src\main\AndroidManifest.xml:178:13-54
255        <activity
255-->src\main\AndroidManifest.xml:179:9-183:57
256            android:name="com.nebulacompanies.ibo.activities.ChooseShopyActivity"
256-->src\main\AndroidManifest.xml:180:13-82
257            android:configChanges="keyboard|keyboardHidden|orientation|screenSize"
257-->src\main\AndroidManifest.xml:181:13-83
258            android:screenOrientation="portrait"
258-->src\main\AndroidManifest.xml:182:13-49
259            android:windowSoftInputMode="stateHidden" />
259-->src\main\AndroidManifest.xml:183:13-54
260        <!--
261 Set custom default icon. This is used when no icon is set for incoming notification messages.
262             See README(https://goo.gl/l4GJaQ) for more.
263        -->
264        <meta-data
264-->src\main\AndroidManifest.xml:188:9-190:53
265            android:name="com.google.firebase.messaging.default_notification_icon"
265-->src\main\AndroidManifest.xml:189:13-83
266            android:resource="@drawable/app_logo" />
266-->src\main\AndroidManifest.xml:190:13-50
267        <!--
268 Set color used with incoming notification messages. This is used when no color is set for the incoming
269             notification message. See README(https://goo.gl/6BKBk7) for more.
270        -->
271        <meta-data
271-->src\main\AndroidManifest.xml:195:9-197:53
272            android:name="com.google.firebase.messaging.default_notification_color"
272-->src\main\AndroidManifest.xml:196:13-84
273            android:resource="@color/colorAccent" />
273-->src\main\AndroidManifest.xml:197:13-50
274
275        <service
275-->src\main\AndroidManifest.xml:199:9-206:19
276            android:name="com.nebulacompanies.ibo.firebase.MyFirebaseMessagingService"
276-->src\main\AndroidManifest.xml:200:13-87
277            android:exported="false"
277-->src\main\AndroidManifest.xml:201:13-37
278            android:resource="@drawable/app_logo" >
278-->src\main\AndroidManifest.xml:202:13-50
279            <intent-filter>
279-->src\main\AndroidManifest.xml:203:13-205:29
280                <action android:name="com.google.firebase.MESSAGING_EVENT" />
280-->src\main\AndroidManifest.xml:204:17-78
280-->src\main\AndroidManifest.xml:204:25-75
281            </intent-filter>
282        </service>
283
284        <activity
284-->src\main\AndroidManifest.xml:208:9-211:58
285            android:name="com.nebulacompanies.ibo.activities.LoginActivity"
285-->src\main\AndroidManifest.xml:209:13-76
286            android:configChanges="keyboard|keyboardHidden|orientation|screenSize"
286-->src\main\AndroidManifest.xml:210:13-83
287            android:windowSoftInputMode="adjustResize" />
287-->src\main\AndroidManifest.xml:211:13-55
288        <activity
288-->src\main\AndroidManifest.xml:212:9-216:58
289            android:name="com.nebulacompanies.ibo.activities.SessionOverDialog"
289-->src\main\AndroidManifest.xml:213:13-80
290            android:configChanges="keyboard|keyboardHidden|orientation|screenSize"
290-->src\main\AndroidManifest.xml:214:13-83
291            android:theme="@style/Theme.AppCompat.Light.Dialog.Alert"
291-->src\main\AndroidManifest.xml:215:13-70
292            android:windowSoftInputMode="adjustResize" />
292-->src\main\AndroidManifest.xml:216:13-55
293        <activity
293-->src\main\AndroidManifest.xml:217:9-219:86
294            android:name="com.nebulacompanies.ibo.activities.PrivacyPolicyActivity"
294-->src\main\AndroidManifest.xml:218:13-84
295            android:configChanges="keyboard|keyboardHidden|orientation|screenSize" />
295-->src\main\AndroidManifest.xml:219:13-83
296